__MACOSX/platforms/ios/nems-app/platforms/android/build/outputs/logs/manifest-merger-debug-report.txt
-- Merging decision tree log ---
manifest
ADDED from platforms\android\AndroidManifest.xml:2:1-48:12
	package
		ADDED from platforms\android\AndroidManifest.xml:2:102-123
		INJECTED from platforms\android\AndroidManifest.xml
		INJECTED from platforms\android\AndroidManifest.xml
	android:versionName
		ADDED from platforms\android\AndroidManifest.xml:2:74-101
		INJECTED from platforms\android\AndroidManifest.xml
		INJECTED from platforms\android\AndroidManifest.xml
	android:hardwareAccelerated
		ADDED from platforms\android\AndroidManifest.xml:2:11-45
	android:versionCode
		ADDED from platforms\android\AndroidManifest.xml:2:46-73
		INJECTED from platforms\android\AndroidManifest.xml
		INJECTED from platforms\android\AndroidManifest.xml
	xmlns:android
		ADDED from platforms\android\AndroidManifest.xml:2:124-182
supports-screens
ADDED from platforms\android\AndroidManifest.xml:3:5-191
	android:largeScreens
		ADDED from platforms\android\AndroidManifest.xml:3:49-76
	android:smallScreens
		ADDED from platforms\android\AndroidManifest.xml:3:132-159
	android:normalScreens
		ADDED from platforms\android\AndroidManifest.xml:3:77-105
	android:xlargeScreens
		ADDED from platforms\android\AndroidManifest.xml:3:160-188
	android:resizeable
		ADDED from platforms\android\AndroidManifest.xml:3:106-131
	android:anyDensity
		ADDED from platforms\android\AndroidManifest.xml:3:23-48
uses-permission#android.permission.INTERNET
ADDED from platforms\android\AndroidManifest.xml:4:5-67
	android:name
		ADDED from platforms\android\AndroidManifest.xml:4:22-64
application
ADDED from platforms\android\AndroidManifest.xml:5:5-25:19
MERGED from [com.squareup.picasso:picasso:2.71828] AndroidManifest.xml:7:5-12:19
MERGED from [com.journeyapps:zxing-android-embedded:3.3.0] AndroidManifest.xml:45:5-53:19
	android:label
		ADDED from platforms\android\AndroidManifest.xml:5:81-113
	android:supportsRtl
		ADDED from platforms\android\AndroidManifest.xml:5:114-140
	android:hardwareAccelerated
		ADDED from platforms\android\AndroidManifest.xml:5:18-52
	android:icon
		ADDED from platforms\android\AndroidManifest.xml:5:53-80
activity#com.qz.nems.MainActivity
ADDED from platforms\android\AndroidManifest.xml:6:9-11:20
	android:label
		ADDED from platforms\android\AndroidManifest.xml:6:97-134
	android:launchMode
		ADDED from platforms\android\AndroidManifest.xml:6:135-165
	android:windowSoftInputMode
		ADDED from platforms\android\AndroidManifest.xml:6:257-299
	android:configChanges
		ADDED from platforms\android\AndroidManifest.xml:6:19-96
	android:theme
		ADDED from platforms\android\AndroidManifest.xml:6:194-256
	android:name
		ADDED from platforms\android\AndroidManifest.xml:6:166-193
intent-filter#android.intent.action.MAIN+android.intent.category.LAUNCHER
ADDED from platforms\android\AndroidManifest.xml:7:13-10:29
	android:label
		ADDED from platforms\android\AndroidManifest.xml:7:28-65
action#android.intent.action.MAIN
ADDED from platforms\android\AndroidManifest.xml:8:17-69
	android:name
		ADDED from platforms\android\AndroidManifest.xml:8:25-66
category#android.intent.category.LAUNCHER
ADDED from platforms\android\AndroidManifest.xml:9:17-77
	android:name
		ADDED from platforms\android\AndroidManifest.xml:9:27-74
activity#com.sarriaroman.PhotoViewer.PhotoActivity
ADDED from platforms\android\AndroidManifest.xml:12:9-143
	android:theme
		ADDED from platforms\android\AndroidManifest.xml:12:76-140
	android:name
		ADDED from platforms\android\AndroidManifest.xml:12:19-75
meta-data#com.amap.api.v2.apikey
ADDED from platforms\android\AndroidManifest.xml:13:9-109
	android:value
		ADDED from platforms\android\AndroidManifest.xml:13:58-106
	android:name
		ADDED from platforms\android\AndroidManifest.xml:13:20-57
service#com.amap.api.location.APSService
ADDED from platforms\android\AndroidManifest.xml:14:9-68
	android:name
		ADDED from platforms\android\AndroidManifest.xml:14:18-65
provider#com.vaenow.appupdate.android.GenericFileProvider
ADDED from platforms\android\AndroidManifest.xml:15:9-17:20
	android:authorities
		ADDED from platforms\android\AndroidManifest.xml:15:19-76
		INJECTED from platforms\android\AndroidManifest.xml
	android:grantUriPermissions
		ADDED from platforms\android\AndroidManifest.xml:15:102-136
	android:exported
		ADDED from platforms\android\AndroidManifest.xml:15:77-101
	android:name
		ADDED from platforms\android\AndroidManifest.xml:15:137-200
meta-data#android.support.FILE_PROVIDER_PATHS
ADDED from platforms\android\AndroidManifest.xml:16:13-117
	android:resource
		ADDED from platforms\android\AndroidManifest.xml:16:75-114
	android:name
		ADDED from platforms\android\AndroidManifest.xml:16:24-74
provider#org.apache.cordova.camera.FileProvider
ADDED from platforms\android\AndroidManifest.xml:18:9-20:20
	android:authorities
		ADDED from platforms\android\AndroidManifest.xml:18:19-66
		INJECTED from platforms\android\AndroidManifest.xml
	android:grantUriPermissions
		ADDED from platforms\android\AndroidManifest.xml:18:92-126
	android:exported
		ADDED from platforms\android\AndroidManifest.xml:18:67-91
	android:name
		ADDED from platforms\android\AndroidManifest.xml:18:127-180
provider#io.github.pwlin.cordova.plugins.fileopener2.FileProvider
ADDED from platforms\android\AndroidManifest.xml:21:9-23:20
	android:authorities
		ADDED from platforms\android\AndroidManifest.xml:21:19-73
		INJECTED from platforms\android\AndroidManifest.xml
	android:grantUriPermissions
		ADDED from platforms\android\AndroidManifest.xml:21:99-133
	android:exported
		ADDED from platforms\android\AndroidManifest.xml:21:74-98
	android:name
		ADDED from platforms\android\AndroidManifest.xml:21:134-205
activity#com.synconset.MultiImageChooserActivity
ADDED from platforms\android\AndroidManifest.xml:24:9-160
	android:label
		ADDED from platforms\android\AndroidManifest.xml:24:19-57
	android:theme
		ADDED from platforms\android\AndroidManifest.xml:24:113-157
	android:name
		ADDED from platforms\android\AndroidManifest.xml:24:58-112
uses-sdk
ADDED from platforms\android\AndroidManifest.xml:26:5-74
MERGED from [com.commit451:PhotoView:1.2.4] AndroidManifest.xml:8:5-10:41
MERGED from [com.squareup.picasso:picasso:2.71828] AndroidManifest.xml:5:5-44
MERGED from [com.android.support:exifinterface:27.1.0] AndroidManifest.xml:20:5-44
MERGED from [com.journeyapps:zxing-android-embedded:3.3.0] AndroidManifest.xml:19:5-43
MERGED from [com.android.support:support-v4:27.1.1] AndroidManifest.xml:20:5-44
MERGED from [com.android.support:support-media-compat:27.1.1] AndroidManifest.xml:20:5-44
MERGED from [com.android.support:appcompat-v7:27.1.1] AndroidManifest.xml:20:5-44
MERGED from [com.android.support:support-fragment:27.1.1] AndroidManifest.xml:20:5-44
MERGED from [android.arch.lifecycle:livedata-core:1.1.0] AndroidManifest.xml:20:5-44
MERGED from [android.arch.core:runtime:1.1.0] AndroidManifest.xml:20:5-44
MERGED from [android.arch.lifecycle:viewmodel:1.1.0] AndroidManifest.xml:20:5-44
MERGED from [com.android.support:animated-vector-drawable:27.1.1] AndroidManifest.xml:20:5-44
MERGED from [com.android.support:support-vector-drawable:27.1.1] AndroidManifest.xml:20:5-44
MERGED from [com.android.support:support-core-ui:27.1.1] AndroidManifest.xml:20:5-44
MERGED from [com.android.support:support-core-utils:27.1.1] AndroidManifest.xml:20:5-44
MERGED from [com.android.support:support-compat:27.1.1] AndroidManifest.xml:20:5-44
MERGED from [android.arch.lifecycle:runtime:1.1.0] AndroidManifest.xml:20:5-44
MERGED from [org.apache.cordova:CordovaLib:6.3.0:debug] AndroidManifest.xml:25:5-44
	android:targetSdkVersion
		ADDED from platforms\android\AndroidManifest.xml:26:42-71
	android:minSdkVersion
		ADDED from platforms\android\AndroidManifest.xml:26:15-41
uses-permission#android.permission.CAMERA
ADDED from platforms\android\AndroidManifest.xml:27:5-65
MERGED from [com.journeyapps:zxing-android-embedded:3.3.0] AndroidManifest.xml:21:5-65
	android:name
		ADDED from platforms\android\AndroidManifest.xml:27:22-62
uses-permission#android.permission.RECORD_AUDIO
ADDED from platforms\android\AndroidManifest.xml:28:5-71
	android:name
		ADDED from platforms\android\AndroidManifest.xml:28:22-68
uses-permission#android.permission.ACCESS_FINE_LOCATION
ADDED from platforms\android\AndroidManifest.xml:29:5-79
	android:name
		ADDED from platforms\android\AndroidManifest.xml:29:22-76
uses-permission#android.permission.READ_EXTERNAL_STORAGE
ADDED from platforms\android\AndroidManifest.xml:30:5-80
	android:name
		ADDED from platforms\android\AndroidManifest.xml:30:22-77
uses-permission#android.permission.WRITE_EXTERNAL_STORAGE
ADDED from platforms\android\AndroidManifest.xml:31:5-81
	android:name
		ADDED from platforms\android\AndroidManifest.xml:31:22-78
uses-permission#android.permission.REQUEST_INSTALL_PACKAGES
ADDED from platforms\android\AndroidManifest.xml:32:5-83
	android:name
		ADDED from platforms\android\AndroidManifest.xml:32:22-80
uses-permission#android.permission.ACCESS_COARSE_LOCATION
ADDED from platforms\android\AndroidManifest.xml:33:5-81
	android:name
		ADDED from platforms\android\AndroidManifest.xml:33:22-78
uses-permission#android.permission.ACCESS_NETWORK_STATE
ADDED from platforms\android\AndroidManifest.xml:34:5-79
	android:name
		ADDED from platforms\android\AndroidManifest.xml:34:22-76
uses-permission#android.permission.ACCESS_WIFI_STATE
ADDED from platforms\android\AndroidManifest.xml:35:5-76
	android:name
		ADDED from platforms\android\AndroidManifest.xml:35:22-73
uses-permission#android.permission.CHANGE_WIFI_STATE
ADDED from platforms\android\AndroidManifest.xml:36:5-76
	android:name
		ADDED from platforms\android\AndroidManifest.xml:36:22-73
uses-permission#android.permission.CHANGE_CONFIGURATION
ADDED from platforms\android\AndroidManifest.xml:37:5-79
	android:name
		ADDED from platforms\android\AndroidManifest.xml:37:22-76
uses-permission#android.permission.READ_PHONE_STATE
ADDED from platforms\android\AndroidManifest.xml:38:5-75
	android:name
		ADDED from platforms\android\AndroidManifest.xml:38:22-72
uses-permission#android.permission.ACCESS_LOCATION_EXTRA_COMMANDS
ADDED from platforms\android\AndroidManifest.xml:39:5-89
	android:name
		ADDED from platforms\android\AndroidManifest.xml:39:22-86
uses-permission#android.permission.BLUETOOTH
ADDED from platforms\android\AndroidManifest.xml:40:5-68
	android:name
		ADDED from platforms\android\AndroidManifest.xml:40:22-65
uses-permission#android.permission.BLUETOOTH_ADMIN
ADDED from platforms\android\AndroidManifest.xml:41:5-74
	android:name
		ADDED from platforms\android\AndroidManifest.xml:41:22-71
uses-permission#android.permission.READ_LOGS
ADDED from platforms\android\AndroidManifest.xml:42:5-68
	android:name
		ADDED from platforms\android\AndroidManifest.xml:42:22-65
uses-permission#android.permission.WRITE_SETTINGS
ADDED from platforms\android\AndroidManifest.xml:43:5-73
	android:name
		ADDED from platforms\android\AndroidManifest.xml:43:22-70
uses-permission#android.permission.MOUNT_UNMOUNT_FILESYSTEMS
ADDED from platforms\android\AndroidManifest.xml:44:5-84
	android:name
		ADDED from platforms\android\AndroidManifest.xml:44:22-81
uses-feature#android.hardware.location.gps
ADDED from platforms\android\AndroidManifest.xml:45:5-90
	android:required
		ADDED from platforms\android\AndroidManifest.xml:45:64-87
	android:name
		ADDED from platforms\android\AndroidManifest.xml:45:19-63
uses-feature#android.hardware.camera
ADDED from platforms\android\AndroidManifest.xml:46:5-85
MERGED from [com.journeyapps:zxing-android-embedded:3.3.0] AndroidManifest.xml:24:5-26:36
	android:required
		ADDED from platforms\android\AndroidManifest.xml:46:58-82
	android:name
		ADDED from platforms\android\AndroidManifest.xml:46:19-57
uses-feature#android.hardware.camera.front
ADDED from platforms\android\AndroidManifest.xml:47:5-91
MERGED from [com.journeyapps:zxing-android-embedded:3.3.0] AndroidManifest.xml:27:5-29:36
	android:required
		ADDED from platforms\android\AndroidManifest.xml:47:64-88
	android:name
		ADDED from platforms\android\AndroidManifest.xml:47:19-63
provider#com.squareup.picasso.PicassoProvider
ADDED from [com.squareup.picasso:picasso:2.71828] AndroidManifest.xml:8:9-11:40
	android:authorities
		ADDED from [com.squareup.picasso:picasso:2.71828] AndroidManifest.xml:10:13-72
	android:exported
		ADDED from [com.squareup.picasso:picasso:2.71828] AndroidManifest.xml:11:13-37
	android:name
		ADDED from [com.squareup.picasso:picasso:2.71828] AndroidManifest.xml:9:13-64
uses-feature#android.hardware.camera.autofocus
ADDED from [com.journeyapps:zxing-android-embedded:3.3.0] AndroidManifest.xml:32:5-34:36
	android:required
		ADDED from [com.journeyapps:zxing-android-embedded:3.3.0] AndroidManifest.xml:34:9-33
	android:name
		ADDED from [com.journeyapps:zxing-android-embedded:3.3.0] AndroidManifest.xml:33:9-57
uses-feature#android.hardware.camera.flash
ADDED from [com.journeyapps:zxing-android-embedded:3.3.0] AndroidManifest.xml:35:5-37:36
	android:required
		ADDED from [com.journeyapps:zxing-android-embedded:3.3.0] AndroidManifest.xml:37:9-33
	android:name
		ADDED from [com.journeyapps:zxing-android-embedded:3.3.0] AndroidManifest.xml:36:9-53
uses-feature#android.hardware.screen.landscape
ADDED from [com.journeyapps:zxing-android-embedded:3.3.0] AndroidManifest.xml:38:5-40:36
	android:required
		ADDED from [com.journeyapps:zxing-android-embedded:3.3.0] AndroidManifest.xml:40:9-33
	android:name
		ADDED from [com.journeyapps:zxing-android-embedded:3.3.0] AndroidManifest.xml:39:9-57
uses-feature#android.hardware.wifi
ADDED from [com.journeyapps:zxing-android-embedded:3.3.0] AndroidManifest.xml:41:5-43:36
	android:required
		ADDED from [com.journeyapps:zxing-android-embedded:3.3.0] AndroidManifest.xml:43:9-33
	android:name
		ADDED from [com.journeyapps:zxing-android-embedded:3.3.0] AndroidManifest.xml:42:9-45
activity#com.journeyapps.barcodescanner.CaptureActivity
ADDED from [com.journeyapps:zxing-android-embedded:3.3.0] AndroidManifest.xml:46:9-52:63
	android:clearTaskOnLaunch
		ADDED from [com.journeyapps:zxing-android-embedded:3.3.0] AndroidManifest.xml:48:13-45
	android:screenOrientation
		ADDED from [com.journeyapps:zxing-android-embedded:3.3.0] AndroidManifest.xml:49:13-56
	android:stateNotNeeded
		ADDED from [com.journeyapps:zxing-android-embedded:3.3.0] AndroidManifest.xml:50:13-42
	android:windowSoftInputMode
		ADDED from [com.journeyapps:zxing-android-embedded:3.3.0] AndroidManifest.xml:52:13-60
	android:theme
		ADDED from [com.journeyapps:zxing-android-embedded:3.3.0] AndroidManifest.xml:51:13-54
	android:name
		ADDED from [com.journeyapps:zxing-android-embedded:3.3.0] AndroidManifest.xml:47:13-74